\BOOKMARK [1][-]{section*.1}{\376\377\000L\036\335\000i\000\040\000m\036\337\000\040\001\021\036\247\000u}{}% 1
\BOOKMARK [1][-]{section*.2}{\376\377\000D\000a\000n\000h\000\040\000s\000\341\000c\000h\000\040\000t\000h\000\340\000n\000h\000\040\000v\000i\000\352\000n\000\040\000v\000\340\000\040\000p\000h\000\342\000n\000\040\000c\000\364\000n\000g}{}% 2
\BOOKMARK [1][-]{section*.4}{\376\377\000T\000\363\000m\000\040\000t\036\257\000t}{}% 3
\BOOKMARK [1][-]{section.1}{\376\377\000G\000i\036\333\000i\000\040\000t\000h\000i\036\307\000u}{}% 4
\BOOKMARK [2][-]{subsection.1.1}{\376\377\000B\036\321\000i\000\040\000c\036\243\000n\000h\000\040\000v\000\340\000\040\000m\036\345\000c\000\040\000t\000i\000\352\000u}{section.1}% 5
\BOOKMARK [2][-]{subsection.1.2}{\376\377\000P\000h\036\241\000m\000\040\000v\000i\000\040\000v\000\340\000\040\001\021\036\321\000i\000\040\000t\001\260\036\343\000n\000g}{section.1}% 6
\BOOKMARK [2][-]{subsection.1.3}{\376\377\000T\000\340\000i\000\040\000l\000i\036\307\000u\000\040\000t\000h\000a\000m\000\040\000k\000h\036\243\000o\000\040\000l\000i\000\352\000n\000\040\000q\000u\000a\000n}{section.1}% 7
\BOOKMARK [1][-]{section.2}{\376\377\000K\000i\036\277\000n\000\040\000t\000r\000\372\000c\000\040\000h\036\307\000\040\000t\000h\036\321\000n\000g}{}% 8
\BOOKMARK [2][-]{subsection.2.1}{\376\377\000T\036\325\000n\000g\000\040\000q\000u\000a\000n}{section.2}% 9
\BOOKMARK [2][-]{subsection.2.2}{\376\377\000C\000l\000i\000e\000n\000t\000\040\000\050\000U\000n\000i\000t\000y\000\051}{section.2}% 10
\BOOKMARK [2][-]{subsection.2.3}{\376\377\000S\000e\000r\000v\000e\000r\000\040\000/\000\040\000A\000P\000I}{section.2}% 11
\BOOKMARK [2][-]{subsection.2.4}{\376\377\000C\001\241\000\040\000s\036\337\000\040\000d\036\357\000\040\000l\000i\036\307\000u\000\040\000\050\000M\000o\000n\000g\000o\000D\000B\000\040\000A\000t\000l\000a\000s\000\051}{section.2}% 12
\BOOKMARK [2][-]{subsection.2.5}{\376\377\000T\000r\000i\036\303\000n\000\040\000k\000h\000a\000i\000\040\000v\000\340\000\040\000c\036\245\000u\000\040\000h\000\354\000n\000h}{section.2}% 13
\BOOKMARK [1][-]{section.3}{\376\377\000T\000h\000i\036\277\000t\000\040\000k\036\277\000\040\000g\000a\000m\000e\000p\000l\000a\000y}{}% 14
\BOOKMARK [2][-]{subsection.3.1}{\376\377\000C\036\321\000t\000\040\000l\000\365\000i\000\040\000g\000a\000m\000e\000p\000l\000a\000y}{section.3}% 15
\BOOKMARK [2][-]{subsection.3.2}{\376\377\000L\000e\000v\000e\000l\000\040\000v\000\340\000\040\000t\000i\036\277\000n\000\040\000t\000r\000\354\000n\000h}{section.3}% 16
\BOOKMARK [2][-]{subsection.3.3}{\376\377\001\020\000i\036\301\000u\000\040\000k\000h\000i\036\303\000n\000\040\000v\000\340\000\040\000t\001\260\001\241\000n\000g\000\040\000t\000\341\000c}{section.3}% 17
\BOOKMARK [2][-]{subsection.3.4}{\376\377\000\302\000m\000\040\000t\000h\000a\000n\000h\000\040\000v\000\340\000\040\000n\000h\036\241\000c\000\040\000n\036\301\000n}{section.3}% 18
\BOOKMARK [1][-]{section.4}{\376\377\000M\036\241\000n\000g\000\040\000v\000\340\000\040\001\021\036\323\000n\000g\000\040\000b\036\331}{}% 19
\BOOKMARK [2][-]{subsection.4.1}{\376\377\000L\000u\036\323\000n\000g\000\040\001\021\001\003\000n\000g\000\040\000n\000h\036\255\000p\000\040\000/\000\040\001\021\001\003\000n\000g\000\040\000k\000\375}{section.4}% 20
\BOOKMARK [2][-]{subsection.4.2}{\376\377\001\020\036\323\000n\000g\000\040\000b\036\331\000\040\000h\036\323\000\040\000s\001\241\000\040\000n\000g\001\260\036\335\000i\000\040\000c\000h\001\241\000i}{section.4}% 21
\BOOKMARK [2][-]{subsection.4.3}{\376\377\000L\001\260\000u\000\040\000t\000r\036\357\000\040\000t\000i\036\277\000n\000\040\000t\000r\000\354\000n\000h\000\040\000\050\000c\000l\000o\000u\000d\000\040\000s\000a\000v\000e\000\051}{section.4}% 22
\BOOKMARK [2][-]{subsection.4.4}{\376\377\000S\001\241\000\040\001\021\036\323\000\040\000l\000u\036\323\000n\000g\000\040\001\021\001\003\000n\000g\000\040\000n\000h\036\255\000p\000\040\000/\000\040\000p\000h\000i\000\352\000n\000\040\000c\000h\001\241\000i\000\040\000\050\000m\000\364\000\040\000t\036\243\000\051}{section.4}% 23
\BOOKMARK [2][-]{subsection.4.5}{\376\377\000X\036\355\000\040\000l\000\375\000\040\000l\036\327\000i\000\040\000v\000\340\000\040\000r\000e\000t\000r\000y}{section.4}% 24
\BOOKMARK [1][-]{section.5}{\376\377\000S\001\241\000\040\001\021\036\323\000\040\000E\000R\000D}{}% 25
\BOOKMARK [1][-]{section.6}{\376\377\000T\000h\000i\036\277\000t\000\040\000k\036\277\000\040\000d\036\357\000\040\000l\000i\036\307\000u\000\040\000\050\000M\000o\000n\000g\000o\000D\000B\000\051}{}% 26
\BOOKMARK [2][-]{subsection.6.1}{\376\377\000L\001\260\036\343\000c\000\040\001\021\036\323\000\040\000c\000h\000\355\000n\000h}{section.6}% 27
\BOOKMARK [2][-]{subsection.6.2}{\376\377\000R\000\340\000n\000g\000\040\000b\000u\036\331\000c\000\040\000v\000\340\000\040\000c\000h\036\311\000\040\000m\036\345\000c}{section.6}% 28
\BOOKMARK [1][-]{section.7}{\376\377\000A\000P\000I\000\040\000c\000h\000\355\000n\000h}{}% 29
\BOOKMARK [2][-]{subsection.7.1}{\376\377\000X\000\341\000c\000\040\000t\000h\036\361\000c\000\040\000/\000\040\000p\000h\000\342\000n\000\040\000q\000u\000y\036\301\000n}{section.7}% 30
\BOOKMARK [2][-]{subsection.7.2}{\376\377\000Q\000u\036\243\000n\000\040\000l\000\375\000\040\000n\000g\001\260\036\335\000i\000\040\000c\000h\001\241\000i}{section.7}% 31
\BOOKMARK [2][-]{subsection.7.3}{\376\377\000T\000i\036\277\000n\000\040\000t\000r\000\354\000n\000h\000\040\000/\000\040\000t\000h\000\340\000n\000h\000\040\000t\000\355\000c\000h}{section.7}% 32
\BOOKMARK [2][-]{subsection.7.4}{\376\377\000G\000i\000\341\000m\000\040\000s\000\341\000t\000\040\000v\000\340\000\040\000l\000o\000g\000g\000i\000n\000g}{section.7}% 33
\BOOKMARK [1][-]{section.8}{\376\377\000G\000i\000a\000o\000\040\000d\000i\036\307\000n\000\040\000n\000g\001\260\036\335\000i\000\040\000d\000\371\000n\000g}{}% 34
\BOOKMARK [2][-]{subsection.8.1}{\376\377\000L\000u\036\323\000n\000g\000\040\000m\000\340\000n\000\040\000h\000\354\000n\000h}{section.8}% 35
\BOOKMARK [2][-]{subsection.8.2}{\376\377\000M\000\340\000n\000\040\000h\000\354\000n\000h\000\040\001\021\001\003\000n\000g\000\040\000n\000h\036\255\000p\000\040\000/\000\040\001\021\001\003\000n\000g\000\040\000k\000\375}{section.8}% 36
\BOOKMARK [2][-]{subsection.8.3}{\376\377\000H\000U\000D\000\040\000t\000r\000o\000n\000g\000\040\000g\000a\000m\000e}{section.8}% 37
\BOOKMARK [2][-]{subsection.8.4}{\376\377\000C\000\340\000i\000\040\001\021\036\267\000t\000\040\000\342\000m\000\040\000t\000h\000a\000n\000h}{section.8}% 38
\BOOKMARK [2][-]{subsection.8.5}{\376\377\000H\000\354\000n\000h\000\040\000m\000i\000n\000h\000\040\000h\000o\036\241\000\040\000g\000i\000a\000o\000\040\000d\000i\036\307\000n}{section.8}% 39
\BOOKMARK [1][-]{section.9}{\376\377\000V\036\255\000n\000\040\000h\000\340\000n\000h\000\040\000/\000\040\000t\000r\000i\036\303\000n\000\040\000k\000h\000a\000i}{}% 40
\BOOKMARK [2][-]{subsection.9.1}{\376\377\000C\000I\000/\000C\000D}{section.9}% 41
\BOOKMARK [2][-]{subsection.9.2}{\376\377\000C\036\245\000u\000\040\000h\000\354\000n\000h\000\040\000M\000o\000n\000g\000o\000D\000B\000\040\000A\000t\000l\000a\000s}{section.9}% 42
\BOOKMARK [1][-]{section.10}{\376\377\000K\036\277\000t\000\040\000l\000u\036\255\000n}{}% 43
